<?xml version="1.0" encoding="UTF-8"?>
<!-- Generated by org.testng.reporters.JUnitReportReporter -->
<testsuite skipped="0" hostname="DESKTOP-DUPNC9H" name="APITesting.Post_API_Test" tests="1" failures="0" timestamp="2021-11-24T22:48:08 IST" time="3.965" errors="0">
  <testcase name="post_API" time="3.965" classname="APITesting.Post_API_Test"/>
  <system-out/>
</testsuite> <!-- APITesting.Post_API_Test -->
