<?xml version="1.0" encoding="UTF-8"?>
<!-- Generated by org.testng.reporters.JUnitReportReporter -->
<testsuite skipped="0" hostname="DESKTOP-DUPNC9H" name="APITesting.Get_API_Test" tests="1" failures="0" timestamp="2021-11-24T14:16:58 IST" time="5.804" errors="0">
  <testcase name="get_Test_BDD" time="5.804" classname="APITesting.Get_API_Test"/>
  <system-out/>
</testsuite> <!-- APITesting.Get_API_Test -->
