<?xml version="1.0" encoding="UTF-8"?>
<!-- Generated by org.testng.reporters.JUnitReportReporter -->
<testsuite skipped="0" hostname="DESKTOP-DUPNC9H" name="TestNG.MobileTesting" tests="4" failures="0" timestamp="2021-11-17T17:45:32 IST" time="0.019" errors="0">
  <testcase name="mobileLogin" time="0.003" classname="TestNG.MobileTesting"/>
  <system-out/>
  <testcase name="sendmobilerequest" time="0.002" classname="TestNG.MobileTesting"/>
  <system-out/>
  <testcase name="mobileLogin" time="0.012" classname="TestNG.MobileTesting"/>
  <system-out/>
  <testcase name="sendmobilerequest" time="0.002" classname="TestNG.MobileTesting"/>
  <system-out/>
</testsuite> <!-- TestNG.MobileTesting -->
