<?xml version="1.0" encoding="UTF-8"?>
<!-- Generated by org.testng.reporters.JUnitReportReporter -->
<testsuite skipped="0" hostname="DESKTOP-DUPNC9H" name="TestNG.WebTesting" tests="2" failures="0" timestamp="2021-11-17T17:45:32 IST" time="0.004" errors="0">
  <testcase name="SendRequest" time="0.002" classname="TestNG.WebTesting"/>
  <system-out/>
  <testcase name="webLogin" time="0.002" classname="TestNG.WebTesting"/>
  <system-out/>
</testsuite> <!-- TestNG.WebTesting -->
